Arguments: 
  C:\Program Files (x86)\nodejs\node.exe C:\Users\Asantewaa\AppData\Roaming\npm\node_modules\yarn\bin\yarn.js install

PATH: 
  C:\WINDOWS\system32;C:\WINDOWS;C:\WINDOWS\System32\Wbem;C:\WINDOWS\System32\WindowsPowerShell\v1.0\;C:\WINDOWS\System32\OpenSSH\;C:\Program Files\Intel\WiFi\bin\;C:\Program Files\Common Files\Intel\WirelessCommon\;C:\Program Files\Git\cmd;C:\Program Files (x86)\nodejs\;C:\ProgramData\chocolatey\bin;C:\Program Files (x86)\nodejs;C:\Users\Asantewaa\AppData\Local\Programs\Python\Python310\Scripts\;C:\Users\Asantewaa\AppData\Local\Programs\Python\Python310\;C:\Users\Asantewaa\AppData\Local\Microsoft\WindowsApps;C:\Users\Asantewaa\AppData\Local\Programs\Microsoft VS Code\bin;C:\Users\Asantewaa\AppData\Roaming\npm;C:\Program Files (x86)\nodejs;

Yarn version: 
  1.22.19

Node version: 
  18.12.1

Platform: 
  win32 ia32

Trace: 
  Error: getaddrinfo ENOTFOUND registry.yarnpkg.com
      at GetAddrInfoReqWrap.onlookup [as oncomplete] (node:dns:107:26)

npm manifest: 
  {
    "name": "profile-assignment",
    "version": "1.0.0",
    "main": "node_modules/expo/AppEntry.js",
    "scripts": {
      "start": "expo start",
      "android": "expo start --android",
      "ios": "expo start --ios",
      "web": "expo start --web"
    },
    "dependencies": {
      "expo": "~48.0.4",
      "expo-status-bar": "~1.4.4",
      "react": "18.2.0",
      "react-native": "0.71.3"
    },
    "devDependencies": {
      "@babel/core": "^7.20.0"
    },
    "private": true
  }

yarn manifest: 
  No manifest

Lockfile: 
  No lockfile
